<?xml version="1.0" encoding="UTF-8"?>
<!-- Generated by org.testng.reporters.JUnitReportReporter -->
<testsuite hostname="l" failures="0" tests="2" name="mavenDemo.AppiumTestExemple" time="0.003" errors="0" timestamp="2023-12-17T10:54:58 BRT" skipped="0">
  <testcase classname="mavenDemo.AppiumTestExemple" name="IOSApp" time="0.002"/>
  <system-out/>
  <testcase classname="mavenDemo.AppiumTestExemple" name="NativeAppAndroid" time="0.001"/>
  <system-out/>
</testsuite> <!-- mavenDemo.AppiumTestExemple -->
