<?xml version="1.0" encoding="UTF-8"?>
<!-- Generated by org.testng.reporters.JUnitReportReporter -->
<testsuite hostname="l" failures="0" tests="2" name="mavenDemo.SeleniumTestExemple" time="0.007" errors="0" timestamp="2023-12-17T10:54:58 BRT" skipped="0">
  <testcase classname="mavenDemo.SeleniumTestExemple" name="elementsUI" time="0.005"/>
  <system-out/>
  <testcase classname="mavenDemo.SeleniumTestExemple" name="browsingAutomation" time="0.002"/>
  <system-out/>
</testsuite> <!-- mavenDemo.SeleniumTestExemple -->
