<?xml version="1.0" encoding="UTF-8"?>
<!-- Generated by org.testng.reporters.JUnitReportReporter -->
<testsuite hostname="l" failures="0" tests="2" name="mavenDemo.RESTAPITestExemple" time="0.011" errors="0" timestamp="2023-12-17T10:54:58 BRT" skipped="0">
  <testcase classname="mavenDemo.RESTAPITestExemple" name="deleteTwitter" time="0.010"/>
  <system-out/>
  <testcase classname="mavenDemo.RESTAPITestExemple" name="postJira" time="0.001"/>
  <system-out/>
</testsuite> <!-- mavenDemo.RESTAPITestExemple -->
