<?xml version="1.0" encoding="UTF-8"?>
<!-- Generated by org.testng.reporters.JUnitReportReporter -->
<testsuite hostname="DESKTOP-HAR893P" failures="0" tests="1" name="lessonrahuludemy.ExtendReports.ExtendReportDemo" time="12.526" errors="0" timestamp="2023-11-11T09:10:19 BRT" skipped="0">
  <testcase classname="lessonrahuludemy.ExtendReports.ExtendReportDemo" name="initialDemo" time="12.526"/>
  <system-out/>
</testsuite> <!-- lessonrahuludemy.ExtendReports.ExtendReportDemo -->
