<?xml version="1.0" encoding="UTF-8"?>
<!-- Generated by org.testng.reporters.JUnitReportReporter -->
<testsuite hostname="DESKTOP-HAR893P" failures="0" tests="3" name="dataDriven.excelDataProvider.dataProvide" time="0.011" errors="0" timestamp="2023-12-01T08:17:30 BRT" skipped="0">
  <testcase classname="dataDriven.excelDataProvider.dataProvide" name="testCaseData" time="0.002"/>
  <system-out/>
  <testcase classname="dataDriven.excelDataProvider.dataProvide" name="testCaseData" time="0.002"/>
  <system-out/>
  <testcase classname="dataDriven.excelDataProvider.dataProvide" name="testCaseData" time="0.007"/>
  <system-out/>
</testsuite> <!-- dataDriven.excelDataProvider.dataProvide -->
