<?xml version="1.0" encoding="UTF-8"?>
<!-- Generated by org.testng.reporters.JUnitReportReporter -->
<testsuite hostname="DESKTOP-HAR893P" failures="0" tests="1" name="dataDriven.excelDataProvider.excelRun" time="0.953" errors="0" timestamp="2023-12-01T08:02:12 BRT" skipped="0">
  <testcase classname="dataDriven.excelDataProvider.excelRun" name="getExcel" time="0.953"/>
  <system-out/>
</testsuite> <!-- dataDriven.excelDataProvider.excelRun -->
