<?xml version="1.0" encoding="UTF-8"?>
<!-- Generated by org.testng.reporters.JUnitReportReporter -->
<testsuite hostname="l" failures="0" tests="2" name="MavenProject.Project.SeleniumTestExemple" time="0.014" errors="0" timestamp="2023-12-17T16:10:15 BRT" skipped="0">
  <testcase classname="MavenProject.Project.SeleniumTestExemple" name="browsingAutomation" time="0.012"/>
  <system-out/>
  <testcase classname="MavenProject.Project.SeleniumTestExemple" name="elementsUI" time="0.002"/>
  <system-out/>
</testsuite> <!-- MavenProject.Project.SeleniumTestExemple -->
