<?xml version="1.0" encoding="UTF-8"?>
<!-- Generated by org.testng.reporters.JUnitReportReporter -->
<testsuite hostname="l" failures="0" tests="2" name="MavenProject.Project.AppiumTestExemple" time="0.011" errors="0" timestamp="2023-12-17T16:10:25 BRT" skipped="0">
  <testcase classname="MavenProject.Project.AppiumTestExemple" name="IOSApp" time="0.009"/>
  <system-out/>
  <testcase classname="MavenProject.Project.AppiumTestExemple" name="NativeAppAndroid" time="0.002"/>
  <system-out/>
</testsuite> <!-- MavenProject.Project.AppiumTestExemple -->
