<?xml version="1.0" encoding="UTF-8"?>
<!-- Generated by org.testng.reporters.JUnitReportReporter -->
<testsuite hostname="l" failures="0" tests="2" name="MavenProject.Project.RESTAPITestExemple" time="0.006" errors="0" timestamp="2023-12-17T16:10:15 BRT" skipped="0">
  <testcase classname="MavenProject.Project.RESTAPITestExemple" name="postJira" time="0.004"/>
  <system-out/>
  <testcase classname="MavenProject.Project.RESTAPITestExemple" name="deleteTwitter" time="0.002"/>
  <system-out/>
</testsuite> <!-- MavenProject.Project.RESTAPITestExemple -->
