<?xml version="1.0" encoding="UTF-8"?>
<!-- Generated by org.testng.reporters.JUnitReportReporter -->
<testsuite hostname="DESKTOP-HAR893P" failures="0" tests="1" name="cucumber.TestNGTestRunner" time="21.361" errors="0" timestamp="2023-11-19T17:03:39 BRT" skipped="0">
  <testcase classname="cucumber.TestNGTestRunner" name="runScenario" time="21.361"/>
  <system-out/>
</testsuite> <!-- cucumber.TestNGTestRunner -->
