<?xml version="1.0" encoding="UTF-8"?>
<!-- Generated by org.testng.reporters.JUnitReportReporter -->
<testsuite hostname="DESKTOP-HAR893P" failures="0" tests="2" name="lessonrahuludemy.tests.SubmitOrderTest" time="0.000" errors="0" timestamp="2023-11-13T17:26:57 BRT" skipped="2">
  <testcase classname="lessonrahuludemy.tests.SubmitOrderTest" name="OrderHistoryTest" time="0.000">
    <skipped/>
  </testcase> <!-- OrderHistoryTest -->
  <system-out/>
  <testcase classname="lessonrahuludemy.tests.SubmitOrderTest" name="submitOrder" time="0.000">
    <skipped/>
  </testcase> <!-- submitOrder -->
  <system-out/>
</testsuite> <!-- lessonrahuludemy.tests.SubmitOrderTest -->
