<?xml version="1.0" encoding="UTF-8"?>
<!-- Generated by org.testng.reporters.JUnitReportReporter -->
<testsuite hostname="DESKTOP-HAR893P" failures="0" tests="1" name="lessonrahuludemy.tests.ErrorsValidations" time="11.102" errors="0" timestamp="2023-11-07T13:57:28 BRT" skipped="0">
  <testcase classname="lessonrahuludemy.tests.ErrorsValidations" name="submitOrder" time="11.102"/>
  <system-out/>
</testsuite> <!-- lessonrahuludemy.tests.ErrorsValidations -->
